<?xml version="1.0" encoding="UTF-8"?>
<!-- Generated by org.testng.reporters.JUnitReportReporter -->
<testsuite hostname="Admin-PC" failures="0" tests="1" name="com.w2a.testcases.Loginasbankmanager" time="0.341" errors="0" timestamp="14 Jan 2020 12:06:25 GMT" skipped="0">
  <testcase classname="com.w2a.testcases.Loginasbankmanager" name="Loginasbankmanager" time="0.341"/>
</testsuite> <!-- com.w2a.testcases.Loginasbankmanager -->
