<?xml version="1.0" encoding="UTF-8"?>
<!-- Generated by org.testng.reporters.JUnitReportReporter -->
<testsuite ignored="0" hostname="Admin-PC" failures="0" tests="4" name="com.w2a.testcases.AddCustomerTest" time="10.185" errors="0" timestamp="22 Feb 2020 10:32:09 GMT" skipped="3">
  <testcase classname="com.w2a.testcases.AddCustomerTest" name="AddCustomerTest" time="10.175"/>
  <testcase classname="com.w2a.testcases.AddCustomerTest" name="AddCustomerTest" time="0.008">
    <skipped/>
  </testcase> <!-- AddCustomerTest -->
  <testcase classname="com.w2a.testcases.AddCustomerTest" name="AddCustomerTest" time="0.001">
    <skipped/>
  </testcase> <!-- AddCustomerTest -->
  <testcase classname="com.w2a.testcases.AddCustomerTest" name="AddCustomerTest" time="0.001">
    <skipped/>
  </testcase> <!-- AddCustomerTest -->
</testsuite> <!-- com.w2a.testcases.AddCustomerTest -->
